This file contains any messages produced by compilers while
running configure, to aid debugging if configure makes a mistake.

It was created by configure, which was
generated by GNU Autoconf 2.69.  Invocation command line was

  $ ./configure 

## --------- ##
## Platform. ##
## --------- ##

hostname = e3r10p2.42.fr
uname -m = x86_64
uname -r = 18.6.0
uname -s = Darwin
uname -v = Darwin Kernel Version 18.6.0: Thu Apr 25 23:16:27 PDT 2019; root:xnu-4903.261.4~2/RELEASE_X86_64

/usr/bin/uname -p = i386
/bin/uname -X     = unknown

/bin/arch              = unknown
/usr/bin/arch -k       = unknown
/usr/convex/getsysinfo = unknown
/usr/bin/hostinfo      = Mach kernel version:
	 Darwin Kernel Version 18.6.0: Thu Apr 25 23:16:27 PDT 2019; root:xnu-4903.261.4~2/RELEASE_X86_64
Kernel configured for up to 4 processors.
4 processors are physically available.
4 processors are logically available.
Processor type: i486 (Intel 80486)
Processors active: 0 1 2 3
Primary memory available: 8.00 gigabytes
Default processor set: 342 tasks, 1372 threads, 4 processors
Load average: 1.53, Mach factor: 2.46
/bin/machine           = unknown
/usr/bin/oslevel       = unknown
/bin/universe          = unknown

PATH: /usr/local/bin
PATH: /usr/bin
PATH: /bin
PATH: /usr/sbin
PATH: /sbin
PATH: /usr/local/munki


## ----------- ##
## Core tests. ##
## ----------- ##

configure:2490: checking build system type
configure:2504: result: x86_64-apple-darwin18.6.0
configure:2524: checking host system type
configure:2537: result: x86_64-apple-darwin18.6.0
configure:2605: checking for gcc
configure:2621: found /usr/bin/gcc
configure:2632: result: gcc
configure:2861: checking for C compiler version
configure:2870: gcc --version >&5
Apple LLVM version 10.0.1 (clang-1001.0.46.4)
Target: x86_64-apple-darwin18.6.0
Thread model: posix
InstalledDir: /Applications/Xcode.app/Contents/Developer/Toolchains/XcodeDefault.xctoolchain/usr/bin
Configured with: --prefix=/Applications/Xcode.app/Contents/Developer/usr --with-gxx-include-dir=/Applications/Xcode.app/Contents/Developer/Platforms/MacOSX.platform/Developer/SDKs/MacOSX10.14.sdk/usr/include/c++/4.2.1
configure:2881: $? = 0
configure:2870: gcc -v >&5
Configured with: --prefix=/Applications/Xcode.app/Contents/Developer/usr --with-gxx-include-dir=/Applications/Xcode.app/Contents/Developer/Platforms/MacOSX.platform/Developer/SDKs/MacOSX10.14.sdk/usr/include/c++/4.2.1
Apple LLVM version 10.0.1 (clang-1001.0.46.4)
Target: x86_64-apple-darwin18.6.0
Thread model: posix
InstalledDir: /Applications/Xcode.app/Contents/Developer/Toolchains/XcodeDefault.xctoolchain/usr/bin
configure:2881: $? = 0
configure:2870: gcc -V >&5
clang: error: unsupported option '-V -Wno-atomic-implicit-seq-cst'
clang: error: no input files
configure:2881: $? = 1
configure:2870: gcc -qversion >&5
clang: error: unknown argument '-qversion', did you mean '--version'?
clang: error: no input files
configure:2881: $? = 1
configure:2901: checking whether the C compiler works
configure:2923: gcc    conftest.c  >&5
configure:2927: $? = 0
configure:2975: result: yes
configure:2978: checking for C compiler default output file name
configure:2980: result: a.out
configure:2986: checking for suffix of executables
configure:2993: gcc -o conftest    conftest.c  >&5
configure:2997: $? = 0
configure:3019: result: 
configure:3041: checking whether we are cross compiling
configure:3049: gcc -o conftest    conftest.c  >&5
configure:3053: $? = 0
configure:3060: ./conftest
configure:3064: $? = 0
configure:3079: result: no
configure:3084: checking for suffix of object files
configure:3106: gcc -c   conftest.c >&5
configure:3110: $? = 0
configure:3131: result: o
configure:3135: checking whether we are using the GNU C compiler
configure:3154: gcc -c   conftest.c >&5
configure:3154: $? = 0
configure:3163: result: yes
configure:3172: checking whether gcc accepts -g
configure:3192: gcc -c -g  conftest.c >&5
configure:3192: $? = 0
configure:3233: result: yes
configure:3250: checking for gcc option to accept ISO C89
configure:3313: gcc  -c -g -O2  conftest.c >&5
configure:3313: $? = 0
configure:3326: result: none needed
configure:3346: checking for a sed that does not truncate output
configure:3410: result: /usr/bin/sed
configure:3428: checking for grep that handles long lines and -e
configure:3486: result: /usr/bin/grep
configure:3491: checking for egrep
configure:3553: result: /usr/bin/grep -E
configure:3558: checking for fgrep
configure:3620: result: /usr/bin/grep -F
configure:3655: checking for ld used by gcc
configure:3722: result: /Applications/Xcode.app/Contents/Developer/Toolchains/XcodeDefault.xctoolchain/usr/bin/ld
configure:3729: checking if the linker (/Applications/Xcode.app/Contents/Developer/Toolchains/XcodeDefault.xctoolchain/usr/bin/ld) is GNU ld
configure:3744: result: no
configure:3756: checking for BSD- or MS-compatible name lister (nm)
configure:3805: result: /usr/bin/nm -B
configure:3923: checking the name lister (/usr/bin/nm -B) interface
configure:3930: gcc -c -g -O2  conftest.c >&5
configure:3933: /usr/bin/nm -B "conftest.o"
configure:3936: output
00000000000001dc S _some_variable
configure:3943: result: BSD nm
configure:3946: checking whether ln -s works
configure:3950: result: yes
configure:3958: checking the maximum length of command line arguments
configure:4084: result: 196608
configure:4101: checking whether the shell understands some XSI constructs
configure:4111: result: yes
configure:4115: checking whether the shell understands "+="
configure:4121: result: yes
configure:4156: checking for /Applications/Xcode.app/Contents/Developer/Toolchains/XcodeDefault.xctoolchain/usr/bin/ld option to reload object files
configure:4163: result: -r
configure:4232: checking for objdump
configure:4248: found /usr/bin/objdump
configure:4259: result: objdump
configure:4288: checking how to recognize dependent libraries
configure:4486: result: pass_all
configure:4546: checking for ar
configure:4562: found /usr/bin/ar
configure:4573: result: ar
configure:4651: checking for strip
configure:4667: found /usr/bin/strip
configure:4678: result: strip
configure:4750: checking for ranlib
configure:4766: found /usr/bin/ranlib
configure:4777: result: ranlib
configure:4867: checking command to parse /usr/bin/nm -B output from gcc object
configure:4985: gcc -c -g -O2  conftest.c >&5
configure:4988: $? = 0
configure:4992: /usr/bin/nm -B conftest.o \| sed -n -e 's/^.*[	 ]\([BCDEGRST][BCDEGRST]*\)[	 ][	 ]*\([_A-Za-z][_A-Za-z0-9]*\)$/\1 \2 \2/p' \> conftest.nm
configure:4995: $? = 0
cannot find nm_test_var in conftest.nm
configure:4985: gcc -c -g -O2  conftest.c >&5
configure:4988: $? = 0
configure:4992: /usr/bin/nm -B conftest.o \| sed -n -e 's/^.*[	 ]\([BCDEGRST][BCDEGRST]*\)[	 ][	 ]*_\([_A-Za-z][_A-Za-z0-9]*\)$/\1 _\2 \2/p' \> conftest.nm
configure:4995: $? = 0
configure:5049: gcc -o conftest -g -O2   conftest.c conftstm.o >&5
warning: (x86_64)  could not find object file symbol for symbol _main
configure:5052: $? = 0
configure:5090: result: ok
configure:5358: checking for dsymutil
configure:5374: found /usr/bin/dsymutil
configure:5385: result: dsymutil
configure:5450: checking for nmedit
configure:5466: found /usr/bin/nmedit
configure:5477: result: nmedit
configure:5542: checking for lipo
configure:5558: found /usr/bin/lipo
configure:5569: result: lipo
configure:5634: checking for otool
configure:5650: found /usr/bin/otool
configure:5661: result: otool
configure:5726: checking for otool64
configure:5756: result: no
configure:5801: checking for -single_module linker flag
gcc -g -O2  -o libconftest.dylib -dynamiclib -Wl,-single_module conftest.c
configure:5828: result: yes
configure:5830: checking for -exported_symbols_list linker flag
configure:5850: gcc -o conftest -g -O2   -Wl,-exported_symbols_list,conftest.sym conftest.c  >&5
configure:5850: $? = 0
configure:5860: result: yes
configure:5902: checking how to run the C preprocessor
configure:5933: gcc -E  conftest.c
configure:5933: $? = 0
configure:5947: gcc -E  conftest.c
conftest.c:9:10: fatal error: 'ac_nonexistent.h' file not found
#include <ac_nonexistent.h>
         ^~~~~~~~~~~~~~~~~~
1 error generated.
configure:5947: $? = 1
configure: failed program was:
| /* confdefs.h */
| #define PACKAGE_NAME ""
| #define PACKAGE_TARNAME ""
| #define PACKAGE_VERSION ""
| #define PACKAGE_STRING ""
| #define PACKAGE_BUGREPORT ""
| #define PACKAGE_URL ""
| /* end confdefs.h.  */
| #include <ac_nonexistent.h>
configure:5972: result: gcc -E
configure:5992: gcc -E  conftest.c
configure:5992: $? = 0
configure:6006: gcc -E  conftest.c
conftest.c:9:10: fatal error: 'ac_nonexistent.h' file not found
#include <ac_nonexistent.h>
         ^~~~~~~~~~~~~~~~~~
1 error generated.
configure:6006: $? = 1
configure: failed program was:
| /* confdefs.h */
| #define PACKAGE_NAME ""
| #define PACKAGE_TARNAME ""
| #define PACKAGE_VERSION ""
| #define PACKAGE_STRING ""
| #define PACKAGE_BUGREPORT ""
| #define PACKAGE_URL ""
| /* end confdefs.h.  */
| #include <ac_nonexistent.h>
configure:6035: checking for ANSI C header files
configure:6055: gcc -c -g -O2  conftest.c >&5
configure:6055: $? = 0
configure:6128: gcc -o conftest -g -O2   conftest.c  >&5
configure:6128: $? = 0
configure:6128: ./conftest
configure:6128: $? = 0
configure:6139: result: yes
configure:6152: checking for sys/types.h
configure:6152: gcc -c -g -O2  conftest.c >&5
configure:6152: $? = 0
configure:6152: result: yes
configure:6152: checking for sys/stat.h
configure:6152: gcc -c -g -O2  conftest.c >&5
configure:6152: $? = 0
configure:6152: result: yes
configure:6152: checking for stdlib.h
configure:6152: gcc -c -g -O2  conftest.c >&5
configure:6152: $? = 0
configure:6152: result: yes
configure:6152: checking for string.h
configure:6152: gcc -c -g -O2  conftest.c >&5
configure:6152: $? = 0
configure:6152: result: yes
configure:6152: checking for memory.h
configure:6152: gcc -c -g -O2  conftest.c >&5
configure:6152: $? = 0
configure:6152: result: yes
configure:6152: checking for strings.h
configure:6152: gcc -c -g -O2  conftest.c >&5
configure:6152: $? = 0
configure:6152: result: yes
configure:6152: checking for inttypes.h
configure:6152: gcc -c -g -O2  conftest.c >&5
configure:6152: $? = 0
configure:6152: result: yes
configure:6152: checking for stdint.h
configure:6152: gcc -c -g -O2  conftest.c >&5
configure:6152: $? = 0
configure:6152: result: yes
configure:6152: checking for unistd.h
configure:6152: gcc -c -g -O2  conftest.c >&5
configure:6152: $? = 0
configure:6152: result: yes
configure:6166: checking for dlfcn.h
configure:6166: gcc -c -g -O2  conftest.c >&5
configure:6166: $? = 0
configure:6166: result: yes
configure:6648: checking for objdir
configure:6663: result: .libs
configure:6959: checking if gcc supports -fno-rtti -fno-exceptions
configure:6977: gcc -c -g -O2  -fno-rtti -fno-exceptions conftest.c >&5
configure:6981: $? = 0
configure:6994: result: yes
configure:7014: checking for gcc option to produce PIC
configure:7286: result: -fno-common -DPIC
configure:7298: checking if gcc PIC flag -fno-common -DPIC works
configure:7316: gcc -c -g -O2  -fno-common -DPIC -DPIC conftest.c >&5
configure:7320: $? = 0
configure:7333: result: yes
configure:7357: checking if gcc static flag -static works
configure:7385: result: no
configure:7400: checking if gcc supports -c -o file.o
configure:7421: gcc -c -g -O2  -o out/conftest2.o conftest.c >&5
configure:7425: $? = 0
configure:7447: result: yes
configure:7455: checking if gcc supports -c -o file.o
configure:7502: result: yes
configure:7535: checking whether the gcc linker (/Applications/Xcode.app/Contents/Developer/Toolchains/XcodeDefault.xctoolchain/usr/bin/ld) supports shared libraries
configure:8521: result: yes
configure:8760: checking dynamic linker characteristics
configure:9413: result: darwin18.6.0 dyld
configure:9515: checking how to hardcode library paths into programs
configure:9540: result: immediate
configure:10060: checking whether stripping libraries is possible
configure:10074: result: yes
configure:10100: checking if libtool supports shared libraries
configure:10102: result: yes
configure:10105: checking whether to build shared libraries
configure:10126: result: yes
configure:10129: checking whether to build static libraries
configure:10133: result: yes
configure:10259: checking for gcc
configure:10286: result: gcc
configure:10515: checking for C compiler version
configure:10524: gcc --version >&5
Apple LLVM version 10.0.1 (clang-1001.0.46.4)
Target: x86_64-apple-darwin18.6.0
Thread model: posix
InstalledDir: /Applications/Xcode.app/Contents/Developer/Toolchains/XcodeDefault.xctoolchain/usr/bin
Configured with: --prefix=/Applications/Xcode.app/Contents/Developer/usr --with-gxx-include-dir=/Applications/Xcode.app/Contents/Developer/Platforms/MacOSX.platform/Developer/SDKs/MacOSX10.14.sdk/usr/include/c++/4.2.1
configure:10535: $? = 0
configure:10524: gcc -v >&5
Configured with: --prefix=/Applications/Xcode.app/Contents/Developer/usr --with-gxx-include-dir=/Applications/Xcode.app/Contents/Developer/Platforms/MacOSX.platform/Developer/SDKs/MacOSX10.14.sdk/usr/include/c++/4.2.1
Apple LLVM version 10.0.1 (clang-1001.0.46.4)
Target: x86_64-apple-darwin18.6.0
Thread model: posix
InstalledDir: /Applications/Xcode.app/Contents/Developer/Toolchains/XcodeDefault.xctoolchain/usr/bin
configure:10535: $? = 0
configure:10524: gcc -V >&5
clang: error: unsupported option '-V -Wno-atomic-implicit-seq-cst'
clang: error: no input files
configure:10535: $? = 1
configure:10524: gcc -qversion >&5
clang: error: unknown argument '-qversion', did you mean '--version'?
clang: error: no input files
configure:10535: $? = 1
configure:10539: checking whether we are using the GNU C compiler
configure:10567: result: yes
configure:10576: checking whether gcc accepts -g
configure:10637: result: yes
configure:10654: checking for gcc option to accept ISO C89
configure:10730: result: none needed
configure:10764: checking for a BSD-compatible install
configure:10832: result: /usr/bin/install -c
configure:10843: checking whether make sets $(MAKE)
configure:10865: result: yes
configure:10883: checking for windres
configure:10913: result: no
configure:10883: checking for darwin18.6.0-windres
configure:10913: result: no
configure:10950: checking for an ANSI C-conforming const
configure:11016: gcc -c -g -O2  -D_GNU_SOURCE=1   -D_GNU_SOURCE=1 conftest.c >&5
configure:11016: $? = 0
configure:11023: result: yes
configure:11041: checking for GCC -MMD -MT option
configure:11059: gcc -c -g -O2  -D_GNU_SOURCE=1   -D_GNU_SOURCE=1 conftest.c >&5
configure:11059: $? = 0
configure:11065: result: yes
configure:11211: checking for pkg-config
configure:11244: result: no
configure:11307: checking for SDL
configure:11402: checking for sdl2-config
configure:11433: result: no
configure:11442: checking for SDL - version >= 2.0.7
configure:11548: result: no
configure:11612: error: *** SDL version 2.0.7 not found!

## ---------------- ##
## Cache variables. ##
## ---------------- ##

ac_cv_build=x86_64-apple-darwin18.6.0
ac_cv_c_compiler_gnu=yes
ac_cv_c_const=yes
ac_cv_env_CC_set=
ac_cv_env_CC_value=
ac_cv_env_CFLAGS_set=
ac_cv_env_CFLAGS_value=
ac_cv_env_CPPFLAGS_set=
ac_cv_env_CPPFLAGS_value=
ac_cv_env_CPP_set=
ac_cv_env_CPP_value=
ac_cv_env_LDFLAGS_set=
ac_cv_env_LDFLAGS_value=
ac_cv_env_LIBS_set=
ac_cv_env_LIBS_value=
ac_cv_env_MODPLUG_CFLAGS_set=
ac_cv_env_MODPLUG_CFLAGS_value=
ac_cv_env_MODPLUG_LIBS_set=
ac_cv_env_MODPLUG_LIBS_value=
ac_cv_env_OPUSFILE_CFLAGS_set=
ac_cv_env_OPUSFILE_CFLAGS_value=
ac_cv_env_OPUSFILE_LIBS_set=
ac_cv_env_OPUSFILE_LIBS_value=
ac_cv_env_PKG_CONFIG_set=
ac_cv_env_PKG_CONFIG_value=
ac_cv_env_SDL_CFLAGS_set=
ac_cv_env_SDL_CFLAGS_value=
ac_cv_env_SDL_LIBS_set=
ac_cv_env_SDL_LIBS_value=
ac_cv_env_build_alias_set=
ac_cv_env_build_alias_value=
ac_cv_env_host_alias_set=
ac_cv_env_host_alias_value=
ac_cv_env_target_alias_set=
ac_cv_env_target_alias_value=
ac_cv_header_dlfcn_h=yes
ac_cv_header_inttypes_h=yes
ac_cv_header_memory_h=yes
ac_cv_header_stdc=yes
ac_cv_header_stdint_h=yes
ac_cv_header_stdlib_h=yes
ac_cv_header_string_h=yes
ac_cv_header_strings_h=yes
ac_cv_header_sys_stat_h=yes
ac_cv_header_sys_types_h=yes
ac_cv_header_unistd_h=yes
ac_cv_host=x86_64-apple-darwin18.6.0
ac_cv_objext=o
ac_cv_path_EGREP='/usr/bin/grep -E'
ac_cv_path_FGREP='/usr/bin/grep -F'
ac_cv_path_GREP=/usr/bin/grep
ac_cv_path_SDL2_CONFIG=no
ac_cv_path_SED=/usr/bin/sed
ac_cv_path_install='/usr/bin/install -c'
ac_cv_prog_CPP='gcc -E'
ac_cv_prog_ac_ct_AR=ar
ac_cv_prog_ac_ct_CC=gcc
ac_cv_prog_ac_ct_DSYMUTIL=dsymutil
ac_cv_prog_ac_ct_LIPO=lipo
ac_cv_prog_ac_ct_NMEDIT=nmedit
ac_cv_prog_ac_ct_OBJDUMP=objdump
ac_cv_prog_ac_ct_OTOOL=otool
ac_cv_prog_ac_ct_RANLIB=ranlib
ac_cv_prog_ac_ct_STRIP=strip
ac_cv_prog_cc_c89=
ac_cv_prog_cc_g=yes
ac_cv_prog_make_make_set=yes
lt_cv_apple_cc_single_mod=yes
lt_cv_deplibs_check_method=pass_all
lt_cv_file_magic_cmd='$MAGIC_CMD'
lt_cv_file_magic_test_file=
lt_cv_ld_exported_symbols_list=yes
lt_cv_ld_reload_flag=-r
lt_cv_nm_interface='BSD nm'
lt_cv_objdir=.libs
lt_cv_path_LD=/Applications/Xcode.app/Contents/Developer/Toolchains/XcodeDefault.xctoolchain/usr/bin/ld
lt_cv_path_NM='/usr/bin/nm -B'
lt_cv_prog_compiler_c_o=yes
lt_cv_prog_compiler_pic_works=yes
lt_cv_prog_compiler_rtti_exceptions=yes
lt_cv_prog_compiler_static_works=no
lt_cv_prog_gnu_ld=no
lt_cv_sys_global_symbol_pipe='sed -n -e '\''s/^.*[	 ]\([BCDEGRST][BCDEGRST]*\)[	 ][	 ]*_\([_A-Za-z][_A-Za-z0-9]*\)$/\1 _\2 \2/p'\'''
lt_cv_sys_global_symbol_to_c_name_address='sed -n -e '\''s/^: \([^ ]*\) $/  {\"\1\", (void *) 0},/p'\'' -e '\''s/^[BCDEGRST]* \([^ ]*\) \([^ ]*\)$/  {"\2", (void *) \&\2},/p'\'''
lt_cv_sys_global_symbol_to_c_name_address_lib_prefix='sed -n -e '\''s/^: \([^ ]*\) $/  {\"\1\", (void *) 0},/p'\'' -e '\''s/^[BCDEGRST]* \([^ ]*\) \(lib[^ ]*\)$/  {"\2", (void *) \&\2},/p'\'' -e '\''s/^[BCDEGRST]* \([^ ]*\) \([^ ]*\)$/  {"lib\2", (void *) \&\2},/p'\'''
lt_cv_sys_global_symbol_to_cdecl='sed -n -e '\''s/^T .* \(.*\)$/extern int \1();/p'\'' -e '\''s/^[BCDEGRST]* .* \(.*\)$/extern char \1;/p'\'''
lt_cv_sys_max_cmd_len=196608

## ----------------- ##
## Output variables. ##
## ----------------- ##

AR='ar'
AS='as'
BINARY_AGE='4'
BUILD_CFLAGS='-g -O2 '
BUILD_LDFLAGS=''
CC='gcc'
CFLAGS='-g -O2  -D_GNU_SOURCE=1'
CPP='gcc -E'
CPPFLAGS='  -D_GNU_SOURCE=1'
DEFS=''
DLLTOOL='dlltool'
DSYMUTIL='dsymutil'
DUMPBIN=''
ECHO_C='\c'
ECHO_N=''
ECHO_T=''
EGREP='/usr/bin/grep -E'
EXE=''
EXEEXT=''
EXTRA_CFLAGS=' -D_GNU_SOURCE=1'
EXTRA_LDFLAGS=''
FGREP='/usr/bin/grep -F'
GREP='/usr/bin/grep'
INSTALL_DATA='${INSTALL} -m 644'
INSTALL_PROGRAM='${INSTALL}'
INSTALL_SCRIPT='${INSTALL}'
INTERFACE_AGE='2'
LD='/Applications/Xcode.app/Contents/Developer/Toolchains/XcodeDefault.xctoolchain/usr/bin/ld'
LDFLAGS=' '
LIBMIKMOD_CONFIG=''
LIBOBJS=''
LIBS=''
LIBTOOL='$(SHELL) $(top_builddir)/libtool'
LIPO='lipo'
LN_S='ln -s'
LTLIBOBJS=''
LT_AGE='2'
LT_CURRENT='2'
LT_RELEASE='2.0'
LT_REVISION='2'
MAJOR_VERSION='2'
MICRO_VERSION='4'
MINOR_VERSION='0'
MODPLUG_CFLAGS=''
MODPLUG_LIBS=''
NM='/usr/bin/nm -B'
NMEDIT='nmedit'
OBJDUMP='objdump'
OBJECTS=''
OBJEXT='o'
OPUSFILE_CFLAGS=''
OPUSFILE_LIBS=''
OTOOL64=':'
OTOOL='otool'
PACKAGE_BUGREPORT=''
PACKAGE_NAME=''
PACKAGE_STRING=''
PACKAGE_TARNAME=''
PACKAGE_URL=''
PACKAGE_VERSION=''
PATH_SEPARATOR=':'
PKG_CONFIG=''
PLAYMUS_OBJECTS=''
PLAYWAVE_OBJECTS=''
RANLIB='ranlib'
SDL2_CONFIG='no'
SDL_CFLAGS=''
SDL_LIBS=''
SDL_VERSION='2.0.7'
SED='/usr/bin/sed'
SET_MAKE=''
SHELL='/bin/sh'
STRIP='strip'
VERSION='2.0.4'
VERSION_OBJECTS=''
WINDRES=''
ac_aux_dir='./build-scripts'
ac_ct_CC='gcc'
ac_ct_DUMPBIN=''
bindir='${exec_prefix}/bin'
build='x86_64-apple-darwin18.6.0'
build_alias=''
build_cpu='x86_64'
build_os='darwin18.6.0'
build_vendor='apple'
datadir='${datarootdir}'
datarootdir='${prefix}/share'
docdir='${datarootdir}/doc/${PACKAGE}'
dvidir='${docdir}'
exec_prefix='NONE'
host='x86_64-apple-darwin18.6.0'
host_alias=''
host_cpu='x86_64'
host_os='darwin18.6.0'
host_vendor='apple'
htmldir='${docdir}'
includedir='${prefix}/include'
infodir='${datarootdir}/info'
libdir='${exec_prefix}/lib'
libexecdir='${exec_prefix}/libexec'
localedir='${datarootdir}/locale'
localstatedir='${prefix}/var'
lt_ECHO='/bin/echo'
mandir='${datarootdir}/man'
oldincludedir='/usr/include'
pdfdir='${docdir}'
prefix='NONE'
program_transform_name='s,x,x,'
psdir='${docdir}'
sbindir='${exec_prefix}/sbin'
sharedstatedir='${prefix}/com'
sysconfdir='${prefix}/etc'
target_alias=''

## ----------- ##
## confdefs.h. ##
## ----------- ##

/* confdefs.h */
#define PACKAGE_NAME ""
#define PACKAGE_TARNAME ""
#define PACKAGE_VERSION ""
#define PACKAGE_STRING ""
#define PACKAGE_BUGREPORT ""
#define PACKAGE_URL ""
#define STDC_HEADERS 1
#define HAVE_SYS_TYPES_H 1
#define HAVE_SYS_STAT_H 1
#define HAVE_STDLIB_H 1
#define HAVE_STRING_H 1
#define HAVE_MEMORY_H 1
#define HAVE_STRINGS_H 1
#define HAVE_INTTYPES_H 1
#define HAVE_STDINT_H 1
#define HAVE_UNISTD_H 1
#define HAVE_DLFCN_H 1
#define LT_OBJDIR ".libs/"

configure: exit 1
